-------------------------------------------------------------------------------
Test set: com.example.TheNews.controller.CommentControllerTests
-------------------------------------------------------------------------------
Tests run: 3, Failures: 1, Errors: 0, Skipped: 0, Time elapsed: 0.761 s <<< FAILURE! - in com.example.TheNews.controller.CommentControllerTests
CommentController_postComment_ReturnsOk  Time elapsed: 0.019 s  <<< FAILURE!
java.lang.AssertionError: Status expected:<200> but was:<404>
	at com.example.TheNews.controller.CommentControllerTests.CommentController_postComment_ReturnsOk(CommentControllerTests.java:76)

