-------------------------------------------------------------------------------
Test set: com.example.TheNews.controller.ArticleControllerTests
-------------------------------------------------------------------------------
Tests run: 5, Failures: 1, Errors: 0, Skipped: 0, Time elapsed: 5.191 s <<< FAILURE! - in com.example.TheNews.controller.ArticleControllerTests
ArticleController_getAllArticles_ReturnsList  Time elapsed: 0.224 s  <<< FAILURE!
java.lang.AssertionError: 
JSON path "$.size()"
Expected: is <1>
     but: was <0>
	at com.example.TheNews.controller.ArticleControllerTests.ArticleController_getAllArticles_ReturnsList(ArticleControllerTests.java:60)

