-------------------------------------------------------------------------------
Test set: org.example.shelter.controller.ArticleControllerTests
-------------------------------------------------------------------------------
Tests run: 5, Failures: 1, Errors: 0, Skipped: 0, Time elapsed: 3.626 s <<< FAILURE! - in org.example.shelter.controller.ArticleControllerTests
ArticleController_getAllArticles_ReturnsList  Time elapsed: 0.158 s  <<< FAILURE!
java.lang.AssertionError: 
JSON path "$.size()"
Expected: is <1>
     but: was <0>
	at org.example.shelter.controller.ArticleControllerTests.ArticleController_getAllArticles_ReturnsList(ArticleControllerTests.java:60)

