-------------------------------------------------------------------------------
Test set: org.example.shelter.controller.LikeControllerTests
-------------------------------------------------------------------------------
Tests run: 3, Failures: 2, Errors: 0, Skipped: 0, Time elapsed: 0.651 s <<< FAILURE! - in org.example.shelter.controller.LikeControllerTests
LikeController_deleteLike_ReturnString  Time elapsed: 0.02 s  <<< FAILURE!
java.lang.AssertionError: Status expected:<200> but was:<404>
	at org.example.shelter.controller.LikeControllerTests.LikeController_deleteLike_ReturnString(LikeControllerTests.java:73)

LikeController_putLike_ReturnsOk  Time elapsed: 0 s  <<< FAILURE!
java.lang.AssertionError: Status expected:<200> but was:<404>
	at org.example.shelter.controller.LikeControllerTests.LikeController_putLike_ReturnsOk(LikeControllerTests.java:63)

