<?xml version="1.0" encoding="UTF-8"?>
<testsuite xmlns:xsi="http://www.w3.org/2001/XMLSchema-instance" xsi:noNamespaceSchemaLocation="https://maven.apache.org/surefire/maven-surefire-plugin/xsd/surefire-test-report.xsd" name="org.example.shelter.controller.LikeControllerTests" time="0.651" tests="3" errors="0" skipped="0" failures="2">
  <properties>
[...]
</properties>
  <testcase name="LikeController_deleteLike_ReturnString" classname="org.example.shelter.controller.LikeControllerTests" time="0.02">
    <failure message="Status expected:&lt;200&gt; but was:&lt;404&gt;" type="java.lang.AssertionError"><![CDATA[java.lang.AssertionError: Status expected:<200> but was:<404>
	at org.example.shelter.controller.LikeControllerTests.LikeController_deleteLike_ReturnString(LikeControllerTests.java:73)
]]></failure>
    <system-out><![CDATA[2025-05-28 15:22:53.756  INFO 7708 --- [           main] .b.t.a.w.s.WebMvcTestContextBootstrapper : Neither @ContextConfiguration nor @ContextHierarchy found for test class [org.example.shelter.controller.LikeControllerTests], using SpringBootContextLoader
2025-05-28 15:22:53.758  INFO 7708 --- [           main] o.s.t.c.support.AbstractContextLoader    : Could not detect default resource locations for test class [org.example.shelter.controller.LikeControllerTests]: no resource found for suffixes {-context.xml, Context.groovy}.
2025-05-28 15:22:53.758  INFO 7708 --- [           main] t.c.s.AnnotationConfigContextLoaderUtils : Could not detect default configuration classes for test class [org.example.shelter.controller.LikeControllerTests]: LikeControllerTests does not declare any static, non-private, non-final, nested classes annotated with @Configuration.
2025-05-28 15:22:53.762  INFO 7708 --- [           main] .b.t.c.SpringBootTestContextBootstrapper : Found @SpringBootConfiguration org.example.shelter.shelterApplication for test class org.example.shelter.controller.LikeControllerTests
2025-05-28 15:22:53.765  INFO 7708 --- [           main] .b.t.a.w.s.WebMvcTestContextBootstrapper : Loaded default TestExecutionListener class names from location [META-INF/spring.factories]: [org.springframework.boot.test.mock.mockito.MockitoTestExecutionListener, org.springframework.boot.test.mock.mockito.ResetMocksTestExecutionListener, org.springframework.boot.test.autoconfigure.restdocs.RestDocsTestExecutionListener, org.springframework.boot.test.autoconfigure.web.client.MockRestServiceServerResetTestExecutionListener, org.springframework.boot.test.autoconfigure.web.servlet.MockMvcPrintOnlyOnFailureTestExecutionListener, org.springframework.boot.test.autoconfigure.web.servlet.WebDriverTestExecutionListener, org.springframework.boot.test.autoconfigure.webservices.client.MockWebServiceServerTestExecutionListener, org.springframework.test.context.web.ServletTestExecutionListener, org.springframework.test.context.support.DirtiesContextBeforeModesTestExecutionListener, org.springframework.test.context.event.ApplicationEventsTestExecutionListener, org.springframework.test.context.support.DependencyInjectionTestExecutionListener, org.springframework.test.context.support.DirtiesContextTestExecutionListener, org.springframework.test.context.transaction.TransactionalTestExecutionListener, org.springframework.test.context.jdbc.SqlScriptsTestExecutionListener, org.springframework.test.context.event.EventPublishingTestExecutionListener]
2025-05-28 15:22:53.765  INFO 7708 --- [           main] .b.t.a.w.s.WebMvcTestContextBootstrapper : Using TestExecutionListeners: [org.springframework.test.context.web.ServletTestExecutionListener@40ddf339, org.springframework.test.context.support.DirtiesContextBeforeModesTestExecutionListener@c83ed77, org.springframework.test.context.event.ApplicationEventsTestExecutionListener@d271a54, org.springframework.boot.test.mock.mockito.MockitoTestExecutionListener@6ff8e744, org.springframework.boot.test.autoconfigure.SpringBootDependencyInjectionTestExecutionListener@409395b9, org.springframework.test.context.support.DirtiesContextTestExecutionListener@53e82089, org.springframework.test.context.transaction.TransactionalTestExecutionListener@66a8751a, org.springframework.test.context.jdbc.SqlScriptsTestExecutionListener@4ec27c4c, org.springframework.test.context.event.EventPublishingTestExecutionListener@12200670, org.springframework.boot.test.mock.mockito.ResetMocksTestExecutionListener@5e80d5, org.springframework.boot.test.autoconfigure.restdocs.RestDocsTestExecutionListener@257b3561, org.springframework.boot.test.autoconfigure.web.client.MockRestServiceServerResetTestExecutionListener@78861d9e, org.springframework.boot.test.autoconfigure.web.servlet.MockMvcPrintOnlyOnFailureTestExecutionListener@6a878778, org.springframework.boot.test.autoconfigure.web.servlet.WebDriverTestExecutionListener@1eabfad5, org.springframework.boot.test.autoconfigure.webservices.client.MockWebServiceServerTestExecutionListener@6207145c]

  .   ____          _            __ _ _
 /\\ / ___'_ __ _ _(_)_ __  __ _ \ \ \ \
( ( )\___ | '_ | '_| | '_ \/ _` | \ \ \ \
 \\/  ___)| |_)| | | | | || (_| |  ) ) ) )
  '  |____| .__|_| |_|_| |_\__, | / / / /
 =========|_|==============|___/=/_/_/_/
 :: Spring Boot ::                (v2.7.0)

2025-05-28 15:22:53.790  INFO 7708 --- [           main] o.e.s.controller.LikeControllerTests     : Starting LikeControllerTests using Java 18.0.1.1 on LAPTOP-UFRQ3LAL with PID 7708 (started by Yana in C:\Users\Yana\Desktop\Практика\shelter\shelter-backend)
2025-05-28 15:22:53.790  INFO 7708 --- [           main] o.e.s.controller.LikeControllerTests     : No active profile set, falling back to 1 default profile: "default"
2025-05-28 15:22:54.129  WARN 7708 --- [           main] .s.s.UserDetailsServiceAutoConfiguration : 

Using generated security password: c9e34be7-217d-47b6-ad46-41bb7cf10d3d

This generated password is for development use only. Your security configuration must be updated before running your application in production.

2025-05-28 15:22:54.321  INFO 7708 --- [           main] o.s.s.web.DefaultSecurityFilterChain     : Will secure any request with [org.springframework.security.web.session.DisableEncodeUrlFilter@45451333, org.springframework.security.web.context.request.async.WebAsyncManagerIntegrationFilter@6942ee48, org.springframework.security.web.context.SecurityContextPersistenceFilter@6f785a27, org.springframework.security.web.header.HeaderWriterFilter@1203d787, org.springframework.security.web.csrf.CsrfFilter@123c48d0, org.springframework.security.web.authentication.logout.LogoutFilter@37dec463, org.springframework.security.web.authentication.UsernamePasswordAuthenticationFilter@5981f2c6, org.springframework.security.web.authentication.ui.DefaultLoginPageGeneratingFilter@5454be, org.springframework.security.web.authentication.ui.DefaultLogoutPageGeneratingFilter@3f033664, org.springframework.security.web.authentication.www.BasicAuthenticationFilter@49639118, org.springframework.security.web.savedrequest.RequestCacheAwareFilter@443dae2, org.springframework.security.web.servletapi.SecurityContextHolderAwareRequestFilter@8f09a02, org.springframework.security.web.authentication.AnonymousAuthenticationFilter@6abd8bcd, org.springframework.security.web.session.SessionManagementFilter@1f72fbd1, org.springframework.security.web.access.ExceptionTranslationFilter@14fff5e7, org.springframework.security.web.access.intercept.FilterSecurityInterceptor@719bb60d]
2025-05-28 15:22:54.353  INFO 7708 --- [           main] o.s.b.t.m.w.SpringBootMockServletContext : Initializing Spring TestDispatcherServlet ''
2025-05-28 15:22:54.353  INFO 7708 --- [           main] o.s.t.web.servlet.TestDispatcherServlet  : Initializing Servlet ''
2025-05-28 15:22:54.353  INFO 7708 --- [           main] o.s.t.web.servlet.TestDispatcherServlet  : Completed initialization in 0 ms
2025-05-28 15:22:54.369  INFO 7708 --- [           main] o.e.s.controller.LikeControllerTests     : Started LikeControllerTests in 0.609 seconds (JVM running for 5.655)

MockHttpServletRequest:
      HTTP Method = DELETE
      Request URI = /user/likes/1/1
       Parameters = {}
          Headers = []
             Body = <no character encoding set>
    Session Attrs = {}

Handler:
             Type = org.springframework.web.servlet.resource.ResourceHttpRequestHandler

Async:
    Async started = false
     Async result = null

Resolved Exception:
             Type = null

ModelAndView:
        View name = null
             View = null
            Model = null

FlashMap:
       Attributes = null

MockHttpServletResponse:
           Status = 404
    Error message = null
          Headers = [Vary:"Origin", "Access-Control-Request-Method", "Access-Control-Request-Headers"]
     Content type = null
             Body = 
    Forwarded URL = null
   Redirected URL = null
          Cookies = []
]]></system-out>
  </testcase>
  <testcase name="LikeController_putLike_ReturnsOk" classname="org.example.shelter.controller.LikeControllerTests" time="0">
    <failure message="Status expected:&lt;200&gt; but was:&lt;404&gt;" type="java.lang.AssertionError"><![CDATA[java.lang.AssertionError: Status expected:<200> but was:<404>
	at org.example.shelter.controller.LikeControllerTests.LikeController_putLike_ReturnsOk(LikeControllerTests.java:63)
]]></failure>
    <system-out><![CDATA[
MockHttpServletRequest:
      HTTP Method = POST
      Request URI = /user/likes/postLike
       Parameters = {}
          Headers = [Content-Type:"application/json", Content-Length:"24"]
             Body = <no character encoding set>
    Session Attrs = {}

Handler:
             Type = org.springframework.web.servlet.resource.ResourceHttpRequestHandler

Async:
    Async started = false
     Async result = null

Resolved Exception:
             Type = null

ModelAndView:
        View name = null
             View = null
            Model = null

FlashMap:
       Attributes = null

MockHttpServletResponse:
           Status = 404
    Error message = null
          Headers = [Vary:"Origin", "Access-Control-Request-Method", "Access-Control-Request-Headers"]
     Content type = null
             Body = 
    Forwarded URL = null
   Redirected URL = null
          Cookies = []
]]></system-out>
  </testcase>
  <testcase name="LikeController_likeNum_ReturnsInt" classname="org.example.shelter.controller.LikeControllerTests" time="0.018"/>
</testsuite>