<?xml version="1.0" encoding="UTF-8"?>
<testsuite xmlns:xsi="http://www.w3.org/2001/XMLSchema-instance" xsi:noNamespaceSchemaLocation="https://maven.apache.org/surefire/maven-surefire-plugin/xsd/surefire-test-report.xsd" name="org.example.shelter.controller.ArticleControllerTests" time="3.626" tests="5" errors="0" skipped="0" failures="1">
  <properties>
[...]
</properties>
  <testcase name="ArticleController_getAllArticles_ReturnsList" classname="org.example.shelter.controller.ArticleControllerTests" time="0.158">
    <failure message="JSON path &quot;$.size()&quot;&#10;Expected: is &lt;1&gt;&#10;     but: was &lt;0&gt;" type="java.lang.AssertionError"><![CDATA[java.lang.AssertionError: 
JSON path "$.size()"
Expected: is <1>
     but: was <0>
	at org.example.shelter.controller.ArticleControllerTests.ArticleController_getAllArticles_ReturnsList(ArticleControllerTests.java:60)
]]></failure>
    <system-out><![CDATA[15:22:49.487 [main] DEBUG org.springframework.test.context.BootstrapUtils - Instantiating CacheAwareContextLoaderDelegate from class [org.springframework.test.context.cache.DefaultCacheAwareContextLoaderDelegate]
15:22:49.503 [main] DEBUG org.springframework.test.context.BootstrapUtils - Instantiating BootstrapContext using constructor [public org.springframework.test.context.support.DefaultBootstrapContext(java.lang.Class,org.springframework.test.context.CacheAwareContextLoaderDelegate)]
15:22:49.535 [main] DEBUG org.springframework.test.context.BootstrapUtils - Instantiating TestContextBootstrapper for test class [org.example.shelter.controller.ArticleControllerTests] from class [org.springframework.boot.test.autoconfigure.web.servlet.WebMvcTestContextBootstrapper]
15:22:49.551 [main] INFO org.springframework.boot.test.autoconfigure.web.servlet.WebMvcTestContextBootstrapper - Neither @ContextConfiguration nor @ContextHierarchy found for test class [org.example.shelter.controller.ArticleControllerTests], using SpringBootContextLoader
15:22:49.551 [main] DEBUG org.springframework.test.context.support.AbstractContextLoader - Did not detect default resource location for test class [org.example.shelter.controller.ArticleControllerTests]: class path resource [org/example/shelter/controller/ArticleControllerTests-context.xml] does not exist
15:22:49.551 [main] DEBUG org.springframework.test.context.support.AbstractContextLoader - Did not detect default resource location for test class [org.example.shelter.controller.ArticleControllerTests]: class path resource [org/example/shelter/controller/ArticleControllerTestsContext.groovy] does not exist
15:22:49.551 [main] INFO org.springframework.test.context.support.AbstractContextLoader - Could not detect default resource locations for test class [org.example.shelter.controller.ArticleControllerTests]: no resource found for suffixes {-context.xml, Context.groovy}.
15:22:49.551 [main] INFO org.springframework.test.context.support.AnnotationConfigContextLoaderUtils - Could not detect default configuration classes for test class [org.example.shelter.controller.ArticleControllerTests]: ArticleControllerTests does not declare any static, non-private, non-final, nested classes annotated with @Configuration.
15:22:49.631 [main] DEBUG org.springframework.test.context.support.ActiveProfilesUtils - Could not find an 'annotation declaring class' for annotation type [org.springframework.test.context.ActiveProfiles] and class [org.example.shelter.controller.ArticleControllerTests]
15:22:49.711 [main] DEBUG org.springframework.context.annotation.ClassPathScanningCandidateComponentProvider - Identified candidate component class: file [C:\Users\Yana\Desktop\Практика\shelter\shelter-backend\target\classes\org\example\shelter\shelterApplication.class]
15:22:49.726 [main] INFO org.springframework.boot.test.context.SpringBootTestContextBootstrapper - Found @SpringBootConfiguration org.example.shelter.shelterApplication for test class org.example.shelter.controller.ArticleControllerTests
15:22:49.726 [main] DEBUG org.springframework.boot.test.autoconfigure.web.servlet.WebMvcTestContextBootstrapper - @TestExecutionListeners is not present for class [org.example.shelter.controller.ArticleControllerTests]: using defaults.
15:22:49.726 [main] INFO org.springframework.boot.test.autoconfigure.web.servlet.WebMvcTestContextBootstrapper - Loaded default TestExecutionListener class names from location [META-INF/spring.factories]: [org.springframework.boot.test.mock.mockito.MockitoTestExecutionListener, org.springframework.boot.test.mock.mockito.ResetMocksTestExecutionListener, org.springframework.boot.test.autoconfigure.restdocs.RestDocsTestExecutionListener, org.springframework.boot.test.autoconfigure.web.client.MockRestServiceServerResetTestExecutionListener, org.springframework.boot.test.autoconfigure.web.servlet.MockMvcPrintOnlyOnFailureTestExecutionListener, org.springframework.boot.test.autoconfigure.web.servlet.WebDriverTestExecutionListener, org.springframework.boot.test.autoconfigure.webservices.client.MockWebServiceServerTestExecutionListener, org.springframework.test.context.web.ServletTestExecutionListener, org.springframework.test.context.support.DirtiesContextBeforeModesTestExecutionListener, org.springframework.test.context.event.ApplicationEventsTestExecutionListener, org.springframework.test.context.support.DependencyInjectionTestExecutionListener, org.springframework.test.context.support.DirtiesContextTestExecutionListener, org.springframework.test.context.transaction.TransactionalTestExecutionListener, org.springframework.test.context.jdbc.SqlScriptsTestExecutionListener, org.springframework.test.context.event.EventPublishingTestExecutionListener]
15:22:49.742 [main] INFO org.springframework.boot.test.autoconfigure.web.servlet.WebMvcTestContextBootstrapper - Using TestExecutionListeners: [org.springframework.test.context.web.ServletTestExecutionListener@5ddcc487, org.springframework.test.context.support.DirtiesContextBeforeModesTestExecutionListener@16eccb2e, org.springframework.test.context.event.ApplicationEventsTestExecutionListener@5ef5c734, org.springframework.boot.test.mock.mockito.MockitoTestExecutionListener@d771cc9, org.springframework.boot.test.autoconfigure.SpringBootDependencyInjectionTestExecutionListener@36b4091c, org.springframework.test.context.support.DirtiesContextTestExecutionListener@4671115f, org.springframework.test.context.transaction.TransactionalTestExecutionListener@36cda2c2, org.springframework.test.context.jdbc.SqlScriptsTestExecutionListener@3697186, org.springframework.test.context.event.EventPublishingTestExecutionListener@1583741e, org.springframework.boot.test.mock.mockito.ResetMocksTestExecutionListener@5b367418, org.springframework.boot.test.autoconfigure.restdocs.RestDocsTestExecutionListener@36060e, org.springframework.boot.test.autoconfigure.web.client.MockRestServiceServerResetTestExecutionListener@481ba2cf, org.springframework.boot.test.autoconfigure.web.servlet.MockMvcPrintOnlyOnFailureTestExecutionListener@46b61c56, org.springframework.boot.test.autoconfigure.web.servlet.WebDriverTestExecutionListener@2e48362c, org.springframework.boot.test.autoconfigure.webservices.client.MockWebServiceServerTestExecutionListener@1efe439d]
15:22:49.742 [main] DEBUG org.springframework.test.context.support.AbstractDirtiesContextTestExecutionListener - Before test class: context [DefaultTestContext@3e6104fc testClass = ArticleControllerTests, testInstance = [null], testMethod = [null], testException = [null], mergedContextConfiguration = [WebMergedContextConfiguration@12359a82 testClass = ArticleControllerTests, locations = '{}', classes = '{class org.example.shelter.shelterApplication}', contextInitializerClasses = '[]', activeProfiles = '{}', propertySourceLocations = '{}', propertySourceProperties = '{org.springframework.boot.test.autoconfigure.web.servlet.WebMvcTestContextBootstrapper=true}', contextCustomizers = set[[ImportsContextCustomizer@68df9280 key = [org.springframework.boot.autoconfigure.cache.CacheAutoConfiguration, org.springframework.boot.autoconfigure.context.MessageSourceAutoConfiguration, org.springframework.boot.autoconfigure.data.web.SpringDataWebAutoConfiguration, org.springframework.boot.autoconfigure.freemarker.FreeMarkerAutoConfiguration, org.springframework.boot.autoconfigure.groovy.template.GroovyTemplateAutoConfiguration, org.springframework.boot.autoconfigure.gson.GsonAutoConfiguration, org.springframework.boot.autoconfigure.hateoas.HypermediaAutoConfiguration, org.springframework.boot.autoconfigure.http.HttpMessageConvertersAutoConfiguration, org.springframework.boot.autoconfigure.jackson.JacksonAutoConfiguration, org.springframework.boot.autoconfigure.jsonb.JsonbAutoConfiguration, org.springframework.boot.autoconfigure.mustache.MustacheAutoConfiguration, org.springframework.boot.autoconfigure.task.TaskExecutionAutoConfiguration, org.springframework.boot.autoconfigure.thymeleaf.ThymeleafAutoConfiguration, org.springframework.boot.autoconfigure.validation.ValidationAutoConfiguration, org.springframework.boot.autoconfigure.web.servlet.error.ErrorMvcAutoConfiguration, org.springframework.boot.autoconfigure.web.servlet.HttpEncodingAutoConfiguration, org.springframework.boot.autoconfigure.web.servlet.WebMvcAutoConfiguration, org.springframework.boot.test.autoconfigure.web.servlet.MockMvcAutoConfiguration, org.springframework.boot.test.autoconfigure.web.servlet.MockMvcWebClientAutoConfiguration, org.springframework.boot.test.autoconfigure.web.servlet.MockMvcWebDriverAutoConfiguration, org.springframework.boot.autoconfigure.security.oauth2.client.servlet.OAuth2ClientAutoConfiguration, org.springframework.boot.autoconfigure.security.oauth2.resource.servlet.OAuth2ResourceServerAutoConfiguration, org.springframework.boot.autoconfigure.security.servlet.SecurityAutoConfiguration, org.springframework.boot.autoconfigure.security.servlet.SecurityFilterAutoConfiguration, org.springframework.boot.autoconfigure.security.servlet.UserDetailsServiceAutoConfiguration, org.springframework.boot.test.autoconfigure.web.servlet.MockMvcSecurityConfiguration, org.springframework.boot.test.autoconfigure.web.reactive.WebTestClientAutoConfiguration]], org.springframework.boot.test.context.filter.ExcludeFilterContextCustomizer@1c742ed4, org.springframework.boot.test.json.DuplicateJsonObjectContextCustomizerFactory$DuplicateJsonObjectContextCustomizer@dc7df28, org.springframework.boot.test.mock.mockito.MockitoContextCustomizer@8a12152f, org.springframework.boot.test.autoconfigure.OverrideAutoConfigurationContextCustomizerFactory$DisableAutoConfigurationContextCustomizer@7dfd3c81, org.springframework.boot.test.autoconfigure.actuate.metrics.MetricsExportContextCustomizerFactory$DisableMetricExportContextCustomizer@7dfb0c0f, org.springframework.boot.test.autoconfigure.filter.TypeExcludeFiltersContextCustomizer@34355b73, org.springframework.boot.test.autoconfigure.properties.PropertyMappingContextCustomizer@4ad54e8f, org.springframework.boot.test.autoconfigure.web.servlet.WebDriverContextCustomizerFactory$Customizer@a8ef162, org.springframework.boot.test.context.SpringBootTestArgs@1, org.springframework.boot.test.context.SpringBootTestWebEnvironment@0], resourceBasePath = 'src/main/webapp', contextLoader = 'org.springframework.boot.test.context.SpringBootContextLoader', parent = [null]], attributes = map[[empty]]], class annotated with @DirtiesContext [false] with mode [null].

  .   ____          _            __ _ _
 /\\ / ___'_ __ _ _(_)_ __  __ _ \ \ \ \
( ( )\___ | '_ | '_| | '_ \/ _` | \ \ \ \
 \\/  ___)| |_)| | | | | || (_| |  ) ) ) )
  '  |____| .__|_| |_|_| |_\__, | / / / /
 =========|_|==============|___/=/_/_/_/
 :: Spring Boot ::                (v2.7.0)

2025-05-28 15:22:50.219  INFO 7708 --- [           main] o.e.s.controller.ArticleControllerTests  : Starting ArticleControllerTests using Java 18.0.1.1 on LAPTOP-UFRQ3LAL with PID 7708 (started by Yana in C:\Users\Yana\Desktop\Практика\shelter\shelter-backend)
2025-05-28 15:22:50.219  INFO 7708 --- [           main] o.e.s.controller.ArticleControllerTests  : No active profile set, falling back to 1 default profile: "default"
2025-05-28 15:22:51.875  WARN 7708 --- [           main] .s.s.UserDetailsServiceAutoConfiguration : 

Using generated security password: bc98ef6b-fba7-4b12-bdd8-4d8c9f6751a5

This generated password is for development use only. Your security configuration must be updated before running your application in production.

2025-05-28 15:22:52.574  INFO 7708 --- [           main] o.s.s.web.DefaultSecurityFilterChain     : Will secure any request with [org.springframework.security.web.session.DisableEncodeUrlFilter@176333ee, org.springframework.security.web.context.request.async.WebAsyncManagerIntegrationFilter@18e6b72b, org.springframework.security.web.context.SecurityContextPersistenceFilter@76596288, org.springframework.security.web.header.HeaderWriterFilter@48a46b0f, org.springframework.security.web.csrf.CsrfFilter@46ab4efc, org.springframework.security.web.authentication.logout.LogoutFilter@48c5698, org.springframework.security.web.authentication.UsernamePasswordAuthenticationFilter@6ce9771c, org.springframework.security.web.authentication.ui.DefaultLoginPageGeneratingFilter@1d6713dd, org.springframework.security.web.authentication.ui.DefaultLogoutPageGeneratingFilter@316d30ad, org.springframework.security.web.authentication.www.BasicAuthenticationFilter@76af34b5, org.springframework.security.web.savedrequest.RequestCacheAwareFilter@376af784, org.springframework.security.web.servletapi.SecurityContextHolderAwareRequestFilter@a9a8ec3, org.springframework.security.web.authentication.AnonymousAuthenticationFilter@3ea75b05, org.springframework.security.web.session.SessionManagementFilter@2ef041bb, org.springframework.security.web.access.ExceptionTranslationFilter@2aa6bbad, org.springframework.security.web.access.intercept.FilterSecurityInterceptor@171aa66]
2025-05-28 15:22:52.670  INFO 7708 --- [           main] o.s.b.t.m.w.SpringBootMockServletContext : Initializing Spring TestDispatcherServlet ''
2025-05-28 15:22:52.670  INFO 7708 --- [           main] o.s.t.web.servlet.TestDispatcherServlet  : Initializing Servlet ''
2025-05-28 15:22:52.670  INFO 7708 --- [           main] o.s.t.web.servlet.TestDispatcherServlet  : Completed initialization in 0 ms
2025-05-28 15:22:52.779  INFO 7708 --- [           main] o.e.s.controller.ArticleControllerTests  : Started ArticleControllerTests in 2.97 seconds (JVM running for 4.059)

MockHttpServletRequest:
      HTTP Method = GET
      Request URI = /auth/articles/all
       Parameters = {}
          Headers = []
             Body = <no character encoding set>
    Session Attrs = {}

Handler:
             Type = org.example.shelter.controller.ArticleController
           Method = org.example.shelter.controller.ArticleController#getAllArticles(Authentication)

Async:
    Async started = false
     Async result = null

Resolved Exception:
             Type = null

ModelAndView:
        View name = null
             View = null
            Model = null

FlashMap:
       Attributes = null

MockHttpServletResponse:
           Status = 200
    Error message = null
          Headers = [Vary:"Origin", "Access-Control-Request-Method", "Access-Control-Request-Headers", Content-Type:"application/json"]
     Content type = application/json
             Body = []
    Forwarded URL = null
   Redirected URL = null
          Cookies = []
]]></system-out>
  </testcase>
  <testcase name="ArticleController_createArticle_ReturnsOk" classname="org.example.shelter.controller.ArticleControllerTests" time="0.06"/>
  <testcase name="ArticleController_deleteArticle_ReturnString" classname="org.example.shelter.controller.ArticleControllerTests" time="0"/>
  <testcase name="ArticleController_updateArticle_ReturnsOk" classname="org.example.shelter.controller.ArticleControllerTests" time="0.018"/>
  <testcase name="ArticleController_getArticleById_ReturnsArticleDto" classname="org.example.shelter.controller.ArticleControllerTests" time="0.015"/>
</testsuite>